<?xml version="1.0" encoding="UTF-8"?>
<!-- Generated by org.testng.reporters.JUnitXMLReporter -->
<testsuite ignored="0" hostname="DESKTOP-1TSH4F5" failures="1" tests="5" name="Surefire test" time="13.039" errors="0" timestamp="2024-03-12T01:39:44 TRT">
  <testcase classname="com.spotify.oauth2.tests.PlaylistTests" name="ShouldNotBeAbleToCreateAPlaylistWithExpiredToken" time="10.093"/>
  <testcase classname="com.spotify.oauth2.tests.PlaylistTests" name="ShouldNotBeAbleToCreateAPlaylistWithoutName" time="11.556"/>
  <testcase classname="com.spotify.oauth2.tests.PlaylistTests" name="ShouldBeAbleToCreateAPlaylist" time="11.73"/>
  <testcase classname="com.spotify.oauth2.tests.PlaylistTests" name="ShouldBeAbleToUpdateAPlaylist" time="11.768"/>
  <testcase classname="com.spotify.oauth2.tests.PlaylistTests" name="ShouldBeAbleToGetAPlaylist" time="11.792">
    <failure type="java.lang.AssertionError" message="
Expected: &amp;quot;Updated Playlist Name&amp;quot;
     but: was &amp;quot;Playlist_7w_j0SA_,&amp;quot;">
      <![CDATA[java.lang.AssertionError: 
Expected: "Updated Playlist Name"
     but: was "Playlist_7w_j0SA_,"
at org.hamcrest.MatcherAssert.assertThat(MatcherAssert.java:20)
at org.hamcrest.MatcherAssert.assertThat(MatcherAssert.java:6)
at com.spotify.oauth2.tests.PlaylistTests.assertPlaylistEqual(PlaylistTests.java:75)
at com.spotify.oauth2.tests.PlaylistTests.ShouldBeAbleToGetAPlaylist(PlaylistTests.java:34)
at java.base/java.util.concurrent.ThreadPoolExecutor.runWorker(ThreadPoolExecutor.java:1144)
at java.base/java.util.concurrent.ThreadPoolExecutor$Worker.run(ThreadPoolExecutor.java:642)
at java.base/java.lang.Thread.run(Thread.java:1589)
... Removed 10 stack frames]]>
    </failure>
  </testcase> <!-- ShouldBeAbleToGetAPlaylist -->
</testsuite> <!-- Surefire test -->
