<?xml version="1.0" encoding="UTF-8"?>
<testsuite xmlns:xsi="http://www.w3.org/2001/XMLSchema-instance" xsi:noNamespaceSchemaLocation="https://maven.apache.org/surefire/maven-surefire-plugin/xsd/surefire-test-report-3.0.xsd" version="3.0" name="TestSuite" time="16.485" tests="5" errors="0" skipped="0" failures="1">
  <properties>
[...]
</properties>
  <testcase name="ShouldNotBeAbleToCreateAPlaylistWithExpiredToken" classname="com.spotify.oauth2.tests.PlaylistTests" time="10.108">
    <system-out><![CDATA[STARTING TEST: ShouldBeAbleToGetAPlaylist
STARTING TEST: ShouldBeAbleToUpdateAPlaylist
STARTING TEST: ShouldBeAbleToCreateAPlaylist
STARTING TEST: ShouldNotBeAbleToCreateAPlaylistWithExpiredToken
STARTING TEST: ShouldNotBeAbleToCreateAPlaylistWithoutName
THREAD ID: 37
THREAD ID: 38
THREAD ID: 36
THREAD ID: 39
THREAD ID: 40
Renewing Token ...
Request method:	POST
Request URI:	https://accounts.spotify.com/api/token
Proxy:			<none>
Request params:	<none>
Query params:	<none>
Form params:	refresh_token=AQDfJSZjsbLQHUUTd8ICfeS8VmoeOhcl-8BhHQkeagqdjPZPaf9o2OZ9KZjmM8LyDM69S2X36H_Vh9uMPGgJGxGcW4hbsIqDVZgh6gi4m_8UE28R6bS-5ys70DjyQmgua-Q
				grant_type=refresh_token
				client_secret=b7f8906963e849e6ad8b6eee0a66d583
				client_id=1c1b280f0b6d49c090884e62a27a22eb
Path params:	<none>
Headers:		Accept=*/*
				Content-Type=application/x-www-form-urlencoded; charset=ISO-8859-1
Cookies:		<none>
Multiparts:		<none>
Body:			<none>
Request method:	POST
Request URI:	https://api.spotify.com/v1/users/3173erklevrugaq3blkvgtdb2tfu/playlists
Proxy:			<none>
Request params:	<none>
Query params:	<none>
Form params:	<none>
Path params:	<none>
Headers:		Accept=*/*
				Content-Type=application/json
Cookies:		<none>
Multiparts:		<none>
Body:
{
    "description": "DescriptionQ8l_-CIp -__--_- f2,",
    "name": "PlaylistT   9-  l2",
    "public": false
}
HTTP/1.1 401 Unauthorized
www-authenticate: Bearer realm="spotify", error="invalid_token", error_description="Invalid access token"
access-control-allow-origin: *
access-control-allow-headers: Accept, App-Platform, Authorization, Content-Type, Origin, Retry-After, Spotify-App-Version, X-Cloud-Trace-Context, client-token, content-access-token
access-control-allow-methods: GET, POST, OPTIONS, PUT, DELETE, PATCH
access-control-allow-credentials: true
access-control-max-age: 604800
content-type: application/json
content-encoding: deflate
Content-Length: 80
strict-transport-security: max-age=31536000
x-content-type-options: nosniff
date: Mon, 11 Mar 2024 22:39:42 GMT
server: envoy
Via: HTTP/2 edgeproxy, 1.1 google
Alt-Svc: h3=":443"; ma=2592000,h3-29=":443"; ma=2592000

{
    "error": {
        "status": 401,
        "message": "Invalid access token"
    }
}
HTTP/1.1 200 OK
date: Mon, 11 Mar 2024 22:39:43 GMT
content-type: application/json
Content-Length: 438
vary: Accept-Encoding
set-cookie: __Host-device_id=AQAPc9iyZsncVarWYEi_ChGf6mN_P_g5Xh-1IPgk0yztzukmzTji5sA-qoaRCqjUcSSBSeLBDKVr1Kd7uctDrWkKONxePxy-RZE;Version=1;Path=/;Max-Age=2147483647;Secure;HttpOnly;SameSite=Lax
set-cookie: sp_tr=false;Version=1;Domain=accounts.spotify.com;Path=/;Secure;SameSite=Lax
sp-trace-id: f6f444d395c7d993
x-envoy-upstream-service-time: 39
server: envoy
strict-transport-security: max-age=31536000
x-content-type-options: nosniff
Via: HTTP/2 edgeproxy, 1.1 google
Alt-Svc: h3=":443"; ma=2592000,h3-29=":443"; ma=2592000

{
    "access_token": "BQATQvnqMCWfA6D1hz7_pYPRMVDtS90o2h0FdnwFBBwGZXeXZBSopb0W9GDMd16cvmgnKSUmAMyIrDVLOOHl-YoSYVJ37Fo2ASVBkHNE-JVVPk7hf-puiKrOWsWXyiflixcfn3TSKApgO0-5ns1pWtIiNluPVp-IsemHj5DI151rMVqrEsHE-DRj-5DC5kiu8WNcmfjeWndzg3H45gcO78J9tWJo0AzrI3y2fhM4605ESuRqNxBR4_TWAKiQ0zu9QmjvnEKWLHTjThuy",
    "token_type": "Bearer",
    "expires_in": 3600,
    "scope": "playlist-read-private playlist-read-collaborative playlist-modify-private playlist-modify-public"
}
]]></system-out>
    <system-err><![CDATA[SLF4J: Failed to load class "org.slf4j.impl.StaticLoggerBinder".
SLF4J: Defaulting to no-operation (NOP) logger implementation
SLF4J: See http://www.slf4j.org/codes.html#StaticLoggerBinder for further details.
]]></system-err>
  </testcase>
  <testcase name="ShouldNotBeAbleToCreateAPlaylistWithoutName" classname="com.spotify.oauth2.tests.PlaylistTests" time="11.556">
    <system-out><![CDATA[Token is available
Token is available
Token is available
Request method:	GET
Request URI:	https://api.spotify.com/v1/playlists/1q1QDqxIfawiJ2sjb7M4hm
Proxy:			<none>
Request params:	<none>
Query params:	<none>
Form params:	<none>
Path params:	<none>
Headers:		Accept=*/*
				Content-Type=application/json
Cookies:		<none>
Multiparts:		<none>
Body:			<none>
Request method:	POST
Request URI:	https://api.spotify.com/v1/users/3173erklevrugaq3blkvgtdb2tfu/playlists
Proxy:			<none>
Request params:	<none>
Query params:	<none>
Form params:	<none>
Path params:	<none>
Headers:		Accept=*/*
				Content-Type=application/json
Cookies:		<none>
Multiparts:		<none>
Body:
{
    "description": "Description_YT9 _1,Gco vL_ 5,F_",
    "name": "",
    "public": false
}
Request method:	POST
Request URI:	https://api.spotify.com/v1/users/3173erklevrugaq3blkvgtdb2tfu/playlists
Proxy:			<none>
Request params:	<none>
Query params:	<none>
Form params:	<none>
Path params:	<none>
Headers:		Accept=*/*
				Content-Type=application/json
Cookies:		<none>
Multiparts:		<none>
Body:
{
    "description": "DescriptionuU8_-_p c  ,_ 3 zMN_",
    "name": "Playlist_ h03- -41",
    "public": false
}
Request method:	PUT
Request URI:	https://api.spotify.com/v1/playlists/1q1QDqxIfawiJ2sjb7M4hm
Proxy:			<none>
Request params:	<none>
Query params:	<none>
Form params:	<none>
Path params:	<none>
Headers:		Accept=*/*
				Content-Type=application/json
Cookies:		<none>
Multiparts:		<none>
Body:
{
    "description": "Description-m --NC, yW ,_, _9,-",
    "name": "Playlist L15 , y_g",
    "public": false
}
HTTP/1.1 400 Bad Request
content-type: application/json; charset=utf-8
cache-control: private, max-age=0
x-robots-tag: noindex, nofollow
access-control-allow-origin: *
access-control-allow-headers: Accept, App-Platform, Authorization, Content-Type, Origin, Retry-After, Spotify-App-Version, X-Cloud-Trace-Context, client-token, content-access-token
access-control-allow-methods: GET, POST, OPTIONS, PUT, DELETE, PATCH
access-control-allow-credentials: true
access-control-max-age: 604800
content-encoding: deflate
Content-Length: 82
strict-transport-security: max-age=31536000
x-content-type-options: nosniff
date: Mon, 11 Mar 2024 22:39:44 GMT
server: envoy
Via: HTTP/2 edgeproxy, 1.1 google
Alt-Svc: h3=":443"; ma=2592000,h3-29=":443"; ma=2592000

{
    "error": {
        "status": 400,
        "message": "Missing required field: name"
    }
}
]]></system-out>
  </testcase>
  <testcase name="ShouldBeAbleToCreateAPlaylist" classname="com.spotify.oauth2.tests.PlaylistTests" time="11.739">
    <system-out><![CDATA[HTTP/1.1 201 Created
content-type: application/json; charset=utf-8
cache-control: private, max-age=0
x-robots-tag: noindex, nofollow
access-control-allow-origin: *
access-control-allow-headers: Accept, App-Platform, Authorization, Content-Type, Origin, Retry-After, Spotify-App-Version, X-Cloud-Trace-Context, client-token, content-access-token
access-control-allow-methods: GET, POST, OPTIONS, PUT, DELETE, PATCH
access-control-allow-credentials: true
access-control-max-age: 604800
content-encoding: deflate
Content-Length: 452
strict-transport-security: max-age=31536000
x-content-type-options: nosniff
date: Mon, 11 Mar 2024 22:39:44 GMT
server: envoy
Via: HTTP/2 edgeproxy, 1.1 google
Alt-Svc: h3=":443"; ma=2592000,h3-29=":443"; ma=2592000

{
    "collaborative": false,
    "description": "DescriptionuU8_-_p c  ,_ 3 zMN_",
    "external_urls": {
        "spotify": "https://open.spotify.com/playlist/6NQwlGwaZGzKVwYiB0d11z"
    },
    "followers": {
        "href": null,
        "total": 0
    },
    "href": "https://api.spotify.com/v1/playlists/6NQwlGwaZGzKVwYiB0d11z",
    "id": "6NQwlGwaZGzKVwYiB0d11z",
    "images": [
        
    ],
    "primary_color": null,
    "name": "Playlist_ h03- -41",
    "type": "playlist",
    "uri": "spotify:playlist:6NQwlGwaZGzKVwYiB0d11z",
    "owner": {
        "href": "https://api.spotify.com/v1/users/77fed2fed1d141789134a56e2d053696",
        "id": "77fed2fed1d141789134a56e2d053696",
        "type": "user",
        "uri": "spotify:user:77fed2fed1d141789134a56e2d053696",
        "display_name": null,
        "external_urls": {
            "spotify": "https://open.spotify.com/user/77fed2fed1d141789134a56e2d053696"
        }
    },
    "public": false,
    "snapshot_id": "NjEsNjU0ZjBiZDgyZjMwZGM0MDNmMTUyY2Y2M2VkODAyNjVmMTI0MzZkMg==",
    "tracks": {
        "limit": 100,
        "next": null,
        "offset": 0,
        "previous": null,
        "href": "https://api.spotify.com/v1/playlists/6NQwlGwaZGzKVwYiB0d11z/tracks",
        "total": 0,
        "items": [
            
        ]
    }
}
]]></system-out>
  </testcase>
  <testcase name="ShouldBeAbleToUpdateAPlaylist" classname="com.spotify.oauth2.tests.PlaylistTests" time="11.787">
    <system-out><![CDATA[HTTP/1.1 200 OK
cache-control: private, max-age=0
x-robots-tag: noindex, nofollow
access-control-allow-origin: *
access-control-allow-headers: Accept, App-Platform, Authorization, Content-Type, Origin, Retry-After, Spotify-App-Version, X-Cloud-Trace-Context, client-token, content-access-token
access-control-allow-methods: GET, POST, OPTIONS, PUT, DELETE, PATCH
access-control-allow-credentials: true
access-control-max-age: 604800
Content-Length: 0
strict-transport-security: max-age=31536000
x-content-type-options: nosniff
date: Mon, 11 Mar 2024 22:39:45 GMT
server: envoy
Via: HTTP/2 edgeproxy, 1.1 google
Alt-Svc: h3=":443"; ma=2592000,h3-29=":443"; ma=2592000
HTTP/1.1 200 OK
content-type: application/json; charset=utf-8
cache-control: public, max-age=0
etag: "MC-Ijc4MWQ0Y2FiMjczNjJmOTg2ZjcwNjcwYjQ2NjVmMjY0Ig=="
x-robots-tag: noindex, nofollow
access-control-allow-origin: *
access-control-allow-headers: Accept, App-Platform, Authorization, Content-Type, Origin, Retry-After, Spotify-App-Version, X-Cloud-Trace-Context, client-token, content-access-token
access-control-allow-methods: GET, POST, OPTIONS, PUT, DELETE, PATCH
access-control-allow-credentials: true
access-control-max-age: 604800
content-encoding: deflate
Content-Length: 454
strict-transport-security: max-age=31536000
x-content-type-options: nosniff
date: Mon, 11 Mar 2024 22:39:44 GMT
server: envoy
Via: HTTP/2 edgeproxy, 1.1 google
Alt-Svc: h3=":443"; ma=2592000,h3-29=":443"; ma=2592000

{
    "collaborative": false,
    "description": "Description,vq --c_i,_F0r- E-_r",
    "external_urls": {
        "spotify": "https://open.spotify.com/playlist/1q1QDqxIfawiJ2sjb7M4hm"
    },
    "followers": {
        "href": null,
        "total": 0
    },
    "href": "https://api.spotify.com/v1/playlists/1q1QDqxIfawiJ2sjb7M4hm",
    "id": "1q1QDqxIfawiJ2sjb7M4hm",
    "images": null,
    "name": "Playlist_7w_j0SA_,",
    "owner": {
        "display_name": "emre",
        "external_urls": {
            "spotify": "https://open.spotify.com/user/3173erklevrugaq3blkvgtdb2tfu"
        },
        "href": "https://api.spotify.com/v1/users/3173erklevrugaq3blkvgtdb2tfu",
        "id": "3173erklevrugaq3blkvgtdb2tfu",
        "type": "user",
        "uri": "spotify:user:3173erklevrugaq3blkvgtdb2tfu"
    },
    "primary_color": null,
    "public": true,
    "snapshot_id": "NDMsNjQ3OWI4NjNhN2I5OWJmNDg3NDBhM2ExMDJmM2E2MzFkYTZmZmNiNw==",
    "tracks": {
        "href": "https://api.spotify.com/v1/playlists/1q1QDqxIfawiJ2sjb7M4hm/tracks?offset=0&limit=0",
        "items": [
            
        ],
        "limit": 0,
        "next": null,
        "offset": 0,
        "previous": null,
        "total": 0
    },
    "type": "playlist",
    "uri": "spotify:playlist:1q1QDqxIfawiJ2sjb7M4hm"
}
]]></system-out>
  </testcase>
  <testcase name="ShouldBeAbleToGetAPlaylist" classname="com.spotify.oauth2.tests.PlaylistTests" time="11.82">
    <failure message="&#10;Expected: &quot;Updated Playlist Name&quot;&#10;     but: was &quot;Playlist_7w_j0SA_,&quot;" type="java.lang.AssertionError"><![CDATA[java.lang.AssertionError: 

Expected: "Updated Playlist Name"
     but: was "Playlist_7w_j0SA_,"
	at org.hamcrest.MatcherAssert.assertThat(MatcherAssert.java:20)
	at org.hamcrest.MatcherAssert.assertThat(MatcherAssert.java:6)
	at com.spotify.oauth2.tests.PlaylistTests.assertPlaylistEqual(PlaylistTests.java:75)
	at com.spotify.oauth2.tests.PlaylistTests.ShouldBeAbleToGetAPlaylist(PlaylistTests.java:34)
	at java.base/jdk.internal.reflect.DirectMethodHandleAccessor.invoke(DirectMethodHandleAccessor.java:104)
	at java.base/java.lang.reflect.Method.invoke(Method.java:578)
	at org.testng.internal.invokers.MethodInvocationHelper.invokeMethod(MethodInvocationHelper.java:139)
	at org.testng.internal.invokers.TestInvoker.invokeMethod(TestInvoker.java:664)
	at org.testng.internal.invokers.TestInvoker.invokeTestMethod(TestInvoker.java:227)
	at org.testng.internal.invokers.MethodRunner.runInSequence(MethodRunner.java:50)
	at org.testng.internal.invokers.TestInvoker$MethodInvocationAgent.invoke(TestInvoker.java:957)
	at org.testng.internal.invokers.TestInvoker.invokeTestMethods(TestInvoker.java:200)
	at org.testng.internal.invokers.TestMethodWorker.invokeTestMethods(TestMethodWorker.java:148)
	at org.testng.internal.invokers.TestMethodWorker.run(TestMethodWorker.java:128)
	at java.base/java.util.concurrent.ThreadPoolExecutor.runWorker(ThreadPoolExecutor.java:1144)
	at java.base/java.util.concurrent.ThreadPoolExecutor$Worker.run(ThreadPoolExecutor.java:642)
	at java.base/java.lang.Thread.run(Thread.java:1589)
]]></failure>
  </testcase>
</testsuite>